<?xml version="1.0" encoding="UTF-8"?>
<!-- Generated by org.testng.reporters.JUnitXMLReporter -->
<testsuite hostname="Raghu-PC" name="Command line test" tests="12" failures="0" timestamp="2 Nov 2017 11:59:26 GMT" time="1055.432" errors="0">
  <testcase name="loginNew" time="153.448" classname="com.jocata.star.existingfuctions.AddruleChangesFuctionaltiy"/>
  <testcase name="init" time="60.621" classname="com.jocata.star.existingfuctions.AddBenchMarkReportsChanges2"/>
  <testcase name="testprofiles" time="16.871" classname="com.jocata.star.screens.CustomerDetailsProfile"/>
  <testcase name="testprofiles" time="12.774" classname="com.jocata.star.screens.ExclusionList"/>
  <testcase name="testprofiles" time="16.828" classname="com.jocata.star.screens.FalsePositiveManager"/>
  <testcase name="login" time="150.153" classname="com.jocata.star.exportexcels.CustomerPeerProfile"/>
  <testcase name="testDashBoard" time="46.019" classname="com.jocata.star.exportexcels.DashboardTask"/>
  <testcase name="login" time="147.21" classname="com.jocata.star.exportexcels.NetworkExportGraph"/>
  <testcase name="login" time="115.179" classname="com.jocata.star.exportexcels.TrancastionRulePopUpExport"/>
  <testcase name="GridTest" time="174.192" classname="com.jocata.star.grid.GridAddReport3"/>
  <testcase name="GridTest" time="109.031" classname="com.jocata.star.grid.ADDRolesModify"/>
  <testcase name="clickgridmodules" time="52.183" classname="com.jocata.star.includeexculde.GridModules2"/>
</testsuite> <!-- Command line test -->
